{"/home/loksly/vdh/expresshelper/src/index.ts": {"path":"/home/loksly/vdh/expresshelper/src/index.ts","statementMap":{"0":{"start":{"line":2,"column":0},"end":{"line":2,"column":67}},"1":{"start":{"line":4,"column":0},"end":{"line":4,"column":28}},"2":{"start":{"line":5,"column":0},"end":{"line":5,"column":29}},"3":{"start":{"line":14,"column":4},"end":{"line":18,"column":null}},"4":{"start":{"line":15,"column":8},"end":{"line":15,"column":82}},"5":{"start":{"line":17,"column":8},"end":{"line":17,"column":15}},"6":{"start":{"line":13,"column":0},"end":{"line":13,"column":16}}},"fnMap":{"0":{"name":"expresshelper","decl":{"start":{"line":13,"column":16},"end":{"line":13,"column":29}},"loc":{"start":{"line":13,"column":60},"end":{"line":19,"column":1}}},"1":{"name":"(anonymous_5)","decl":{"start":{"line":14,"column":11},"end":{"line":14,"column":21}},"loc":{"start":{"line":14,"column":69},"end":{"line":18,"column":5}}}},"branchMap":{"0":{"loc":{"start":{"line":15,"column":68},"end":{"line":15,"column":75}},"type":"cond-expr","locations":[{"start":{"line":15,"column":68},"end":{"line":15,"column":75}},{"start":{"line":15,"column":78},"end":{"line":15,"column":80}}]}},"s":{"0":1,"1":1,"2":1,"3":28,"4":28,"5":28,"6":1},"f":{"0":28,"1":28},"b":{"0":[27,1]}}
,"/home/loksly/vdh/expresshelper/src/lib/codes.ts": {"path":"/home/loksly/vdh/expresshelper/src/lib/codes.ts","statementMap":{"0":{"start":{"line":1,"column":0},"end":{"line":1,"column":null}},"1":{"start":{"line":2,"column":4},"end":{"line":2,"column":null}},"2":{"start":{"line":3,"column":4},"end":{"line":3,"column":null}},"3":{"start":{"line":4,"column":4},"end":{"line":4,"column":null}},"4":{"start":{"line":5,"column":4},"end":{"line":5,"column":null}},"5":{"start":{"line":6,"column":4},"end":{"line":6,"column":null}},"6":{"start":{"line":7,"column":4},"end":{"line":7,"column":null}},"7":{"start":{"line":8,"column":4},"end":{"line":8,"column":null}},"8":{"start":{"line":9,"column":4},"end":{"line":9,"column":null}},"9":{"start":{"line":10,"column":4},"end":{"line":10,"column":null}},"10":{"start":{"line":11,"column":4},"end":{"line":11,"column":null}},"11":{"start":{"line":12,"column":4},"end":{"line":12,"column":null}},"12":{"start":{"line":13,"column":4},"end":{"line":13,"column":null}},"13":{"start":{"line":14,"column":4},"end":{"line":14,"column":null}},"14":{"start":{"line":15,"column":4},"end":{"line":15,"column":null}},"15":{"start":{"line":16,"column":4},"end":{"line":16,"column":null}},"16":{"start":{"line":17,"column":4},"end":{"line":17,"column":null}},"17":{"start":{"line":18,"column":4},"end":{"line":18,"column":null}},"18":{"start":{"line":19,"column":4},"end":{"line":19,"column":null}},"19":{"start":{"line":20,"column":4},"end":{"line":20,"column":null}},"20":{"start":{"line":21,"column":4},"end":{"line":21,"column":null}},"21":{"start":{"line":22,"column":4},"end":{"line":22,"column":null}},"22":{"start":{"line":23,"column":4},"end":{"line":23,"column":null}},"23":{"start":{"line":24,"column":4},"end":{"line":24,"column":null}},"24":{"start":{"line":25,"column":4},"end":{"line":25,"column":null}},"25":{"start":{"line":26,"column":4},"end":{"line":26,"column":null}},"26":{"start":{"line":27,"column":4},"end":{"line":27,"column":null}},"27":{"start":{"line":28,"column":4},"end":{"line":28,"column":null}},"28":{"start":{"line":29,"column":4},"end":{"line":29,"column":null}},"29":{"start":{"line":30,"column":4},"end":{"line":30,"column":null}},"30":{"start":{"line":31,"column":4},"end":{"line":31,"column":null}},"31":{"start":{"line":32,"column":4},"end":{"line":32,"column":null}},"32":{"start":{"line":33,"column":4},"end":{"line":33,"column":null}},"33":{"start":{"line":34,"column":4},"end":{"line":34,"column":null}},"34":{"start":{"line":35,"column":4},"end":{"line":35,"column":null}},"35":{"start":{"line":36,"column":4},"end":{"line":36,"column":null}},"36":{"start":{"line":37,"column":4},"end":{"line":37,"column":null}},"37":{"start":{"line":38,"column":4},"end":{"line":38,"column":null}},"38":{"start":{"line":39,"column":4},"end":{"line":39,"column":null}},"39":{"start":{"line":40,"column":4},"end":{"line":40,"column":null}},"40":{"start":{"line":41,"column":4},"end":{"line":41,"column":null}},"41":{"start":{"line":42,"column":4},"end":{"line":42,"column":null}},"42":{"start":{"line":43,"column":4},"end":{"line":43,"column":null}},"43":{"start":{"line":44,"column":4},"end":{"line":44,"column":null}},"44":{"start":{"line":45,"column":4},"end":{"line":45,"column":null}},"45":{"start":{"line":46,"column":4},"end":{"line":46,"column":null}},"46":{"start":{"line":47,"column":4},"end":{"line":47,"column":null}},"47":{"start":{"line":48,"column":4},"end":{"line":48,"column":null}},"48":{"start":{"line":49,"column":4},"end":{"line":49,"column":null}},"49":{"start":{"line":50,"column":4},"end":{"line":50,"column":null}},"50":{"start":{"line":51,"column":4},"end":{"line":51,"column":null}},"51":{"start":{"line":52,"column":4},"end":{"line":52,"column":null}},"52":{"start":{"line":53,"column":4},"end":{"line":53,"column":null}},"53":{"start":{"line":54,"column":4},"end":{"line":54,"column":null}},"54":{"start":{"line":55,"column":4},"end":{"line":55,"column":null}}},"fnMap":{"0":{"name":"(anonymous_0)","decl":{"start":{"line":1,"column":0},"end":{"line":1,"column":12}},"loc":{"start":{"line":1,"column":22},"end":{"line":56,"column":1}}}},"branchMap":{"0":{"loc":{"start":{"line":1,"column":12},"end":{"line":1,"column":22}},"type":"binary-expr","locations":[{"start":{"line":1,"column":12},"end":{"line":1,"column":22}},{"start":{"line":1,"column":12},"end":{"line":1,"column":null}}]}},"s":{"0":1,"1":1,"2":1,"3":1,"4":1,"5":1,"6":1,"7":1,"8":1,"9":1,"10":1,"11":1,"12":1,"13":1,"14":1,"15":1,"16":1,"17":1,"18":1,"19":1,"20":1,"21":1,"22":1,"23":1,"24":1,"25":1,"26":1,"27":1,"28":1,"29":1,"30":1,"31":1,"32":1,"33":1,"34":1,"35":1,"36":1,"37":1,"38":1,"39":1,"40":1,"41":1,"42":1,"43":1,"44":1,"45":1,"46":1,"47":1,"48":1,"49":1,"50":1,"51":1,"52":1,"53":1,"54":1},"f":{"0":1},"b":{"0":[1,1]}}
,"/home/loksly/vdh/expresshelper/src/lib/helper.ts": {"path":"/home/loksly/vdh/expresshelper/src/lib/helper.ts","statementMap":{"0":{"start":{"line":2,"column":0},"end":{"line":2,"column":37}},"1":{"start":{"line":14,"column":0},"end":{"line":14,"column":13}},"2":{"start":{"line":16,"column":24},"end":{"line":16,"column":37}},"3":{"start":{"line":17,"column":16},"end":{"line":17,"column":45}},"4":{"start":{"line":18,"column":8},"end":{"line":18,"column":69}},"5":{"start":{"line":19,"column":8},"end":{"line":19,"column":142}},"6":{"start":{"line":22,"column":11},"end":{"line":24,"column":null}},"7":{"start":{"line":23,"column":8},"end":{"line":23,"column":72}},"8":{"start":{"line":26,"column":11},"end":{"line":36,"column":null}},"9":{"start":{"line":26,"column":4},"end":{"line":26,"column":11}},"10":{"start":{"line":28,"column":8},"end":{"line":35,"column":null}},"11":{"start":{"line":29,"column":12},"end":{"line":34,"column":null}},"12":{"start":{"line":30,"column":16},"end":{"line":30,"column":57}},"13":{"start":{"line":31,"column":16},"end":{"line":31,"column":32}},"14":{"start":{"line":33,"column":16},"end":{"line":33,"column":40}},"15":{"start":{"line":38,"column":11},"end":{"line":48,"column":null}},"16":{"start":{"line":38,"column":4},"end":{"line":38,"column":11}},"17":{"start":{"line":40,"column":8},"end":{"line":47,"column":null}},"18":{"start":{"line":41,"column":12},"end":{"line":46,"column":null}},"19":{"start":{"line":42,"column":16},"end":{"line":42,"column":57}},"20":{"start":{"line":43,"column":16},"end":{"line":43,"column":32}},"21":{"start":{"line":45,"column":16},"end":{"line":45,"column":33}},"22":{"start":{"line":50,"column":11},"end":{"line":70,"column":null}},"23":{"start":{"line":50,"column":4},"end":{"line":50,"column":11}},"24":{"start":{"line":52,"column":8},"end":{"line":69,"column":null}},"25":{"start":{"line":53,"column":26},"end":{"line":53,"column":28}},"26":{"start":{"line":54,"column":28},"end":{"line":54,"column":58}},"27":{"start":{"line":56,"column":12},"end":{"line":62,"column":null}},"28":{"start":{"line":57,"column":16},"end":{"line":57,"column":34}},"29":{"start":{"line":58,"column":19},"end":{"line":62,"column":null}},"30":{"start":{"line":59,"column":16},"end":{"line":59,"column":41}},"31":{"start":{"line":61,"column":16},"end":{"line":61,"column":50}},"32":{"start":{"line":63,"column":12},"end":{"line":65,"column":null}},"33":{"start":{"line":64,"column":16},"end":{"line":64,"column":36}},"34":{"start":{"line":67,"column":12},"end":{"line":67,"column":71}},"35":{"start":{"line":68,"column":12},"end":{"line":68,"column":28}},"36":{"start":{"line":72,"column":11},"end":{"line":81,"column":null}},"37":{"start":{"line":73,"column":8},"end":{"line":75,"column":null}},"38":{"start":{"line":74,"column":12},"end":{"line":74,"column":40}},"39":{"start":{"line":76,"column":8},"end":{"line":80,"column":null}},"40":{"start":{"line":77,"column":12},"end":{"line":77,"column":36}},"41":{"start":{"line":79,"column":12},"end":{"line":79,"column":35}},"42":{"start":{"line":83,"column":11},"end":{"line":92,"column":null}},"43":{"start":{"line":83,"column":4},"end":{"line":83,"column":11}},"44":{"start":{"line":85,"column":8},"end":{"line":91,"column":null}},"45":{"start":{"line":86,"column":12},"end":{"line":90,"column":null}},"46":{"start":{"line":87,"column":16},"end":{"line":87,"column":114}},"47":{"start":{"line":89,"column":16},"end":{"line":89,"column":32}},"48":{"start":{"line":94,"column":11},"end":{"line":106,"column":null}},"49":{"start":{"line":94,"column":4},"end":{"line":94,"column":11}},"50":{"start":{"line":95,"column":8},"end":{"line":105,"column":null}},"51":{"start":{"line":96,"column":12},"end":{"line":98,"column":null}},"52":{"start":{"line":97,"column":16},"end":{"line":97,"column":44}},"53":{"start":{"line":100,"column":12},"end":{"line":104,"column":null}},"54":{"start":{"line":101,"column":16},"end":{"line":101,"column":31}},"55":{"start":{"line":103,"column":16},"end":{"line":103,"column":40}},"56":{"start":{"line":108,"column":11},"end":{"line":111,"column":null}},"57":{"start":{"line":109,"column":8},"end":{"line":109,"column":106}},"58":{"start":{"line":110,"column":8},"end":{"line":110,"column":32}},"59":{"start":{"line":113,"column":11},"end":{"line":115,"column":null}},"60":{"start":{"line":114,"column":8},"end":{"line":114,"column":100}},"61":{"start":{"line":117,"column":11},"end":{"line":119,"column":null}},"62":{"start":{"line":118,"column":8},"end":{"line":118,"column":94}},"63":{"start":{"line":121,"column":11},"end":{"line":123,"column":null}},"64":{"start":{"line":122,"column":8},"end":{"line":122,"column":32}},"65":{"start":{"line":125,"column":11},"end":{"line":128,"column":null}},"66":{"start":{"line":126,"column":8},"end":{"line":126,"column":104}},"67":{"start":{"line":127,"column":8},"end":{"line":127,"column":24}},"68":{"start":{"line":130,"column":11},"end":{"line":132,"column":null}},"69":{"start":{"line":131,"column":8},"end":{"line":131,"column":106}},"70":{"start":{"line":134,"column":11},"end":{"line":136,"column":null}},"71":{"start":{"line":135,"column":8},"end":{"line":135,"column":82}},"72":{"start":{"line":138,"column":12},"end":{"line":140,"column":null}},"73":{"start":{"line":139,"column":8},"end":{"line":139,"column":56}},"74":{"start":{"line":141,"column":0},"end":{"line":141,"column":null}},"75":{"start":{"line":14,"column":13},"end":{"line":14,"column":26}}},"fnMap":{"0":{"name":"(anonymous_0)","decl":{"start":{"line":14,"column":0},"end":{"line":14,"column":13}},"loc":{"start":{"line":14,"column":0},"end":{"line":141,"column":null}}},"1":{"name":"ExpressHelper","decl":{"start":{"line":16,"column":4},"end":{"line":16,"column":24}},"loc":{"start":{"line":17,"column":45},"end":{"line":20,"column":5}}},"2":{"name":"(anonymous_2)","decl":{"start":{"line":22,"column":4},"end":{"line":22,"column":11}},"loc":{"start":{"line":22,"column":79},"end":{"line":24,"column":5}}},"3":{"name":"(anonymous_3)","decl":{"start":{"line":26,"column":4},"end":{"line":26,"column":11}},"loc":{"start":{"line":26,"column":47},"end":{"line":36,"column":5}}},"4":{"name":"(anonymous_4)","decl":{"start":{"line":28,"column":15},"end":{"line":28,"column":16}},"loc":{"start":{"line":28,"column":24},"end":{"line":35,"column":9}}},"5":{"name":"(anonymous_5)","decl":{"start":{"line":38,"column":4},"end":{"line":38,"column":11}},"loc":{"start":{"line":38,"column":4},"end":{"line":48,"column":5}}},"6":{"name":"(anonymous_6)","decl":{"start":{"line":40,"column":15},"end":{"line":40,"column":16}},"loc":{"start":{"line":40,"column":36},"end":{"line":47,"column":9}}},"7":{"name":"(anonymous_7)","decl":{"start":{"line":50,"column":4},"end":{"line":50,"column":11}},"loc":{"start":{"line":50,"column":67},"end":{"line":70,"column":5}}},"8":{"name":"(anonymous_8)","decl":{"start":{"line":52,"column":15},"end":{"line":52,"column":16}},"loc":{"start":{"line":52,"column":24},"end":{"line":69,"column":9}}},"9":{"name":"(anonymous_9)","decl":{"start":{"line":72,"column":4},"end":{"line":72,"column":11}},"loc":{"start":{"line":72,"column":49},"end":{"line":81,"column":5}}},"10":{"name":"(anonymous_10)","decl":{"start":{"line":83,"column":4},"end":{"line":83,"column":11}},"loc":{"start":{"line":83,"column":44},"end":{"line":92,"column":5}}},"11":{"name":"(anonymous_11)","decl":{"start":{"line":85,"column":15},"end":{"line":85,"column":16}},"loc":{"start":{"line":85,"column":25},"end":{"line":91,"column":9}}},"12":{"name":"(anonymous_12)","decl":{"start":{"line":94,"column":4},"end":{"line":94,"column":11}},"loc":{"start":{"line":94,"column":68},"end":{"line":106,"column":5}}},"13":{"name":"(anonymous_13)","decl":{"start":{"line":95,"column":15},"end":{"line":95,"column":null}},"loc":{"start":{"line":95,"column":15},"end":{"line":105,"column":9}}},"14":{"name":"(anonymous_14)","decl":{"start":{"line":108,"column":4},"end":{"line":108,"column":11}},"loc":{"start":{"line":108,"column":4},"end":{"line":111,"column":5}}},"15":{"name":"(anonymous_15)","decl":{"start":{"line":113,"column":4},"end":{"line":113,"column":11}},"loc":{"start":{"line":113,"column":39},"end":{"line":115,"column":5}}},"16":{"name":"(anonymous_16)","decl":{"start":{"line":117,"column":4},"end":{"line":117,"column":11}},"loc":{"start":{"line":117,"column":33},"end":{"line":119,"column":5}}},"17":{"name":"(anonymous_17)","decl":{"start":{"line":121,"column":4},"end":{"line":121,"column":11}},"loc":{"start":{"line":121,"column":36},"end":{"line":123,"column":5}}},"18":{"name":"(anonymous_18)","decl":{"start":{"line":125,"column":4},"end":{"line":125,"column":11}},"loc":{"start":{"line":125,"column":33},"end":{"line":128,"column":5}}},"19":{"name":"(anonymous_19)","decl":{"start":{"line":130,"column":4},"end":{"line":130,"column":11}},"loc":{"start":{"line":130,"column":49},"end":{"line":132,"column":5}}},"20":{"name":"(anonymous_20)","decl":{"start":{"line":134,"column":4},"end":{"line":134,"column":11}},"loc":{"start":{"line":134,"column":4},"end":{"line":136,"column":5}}},"21":{"name":"(anonymous_21)","decl":{"start":{"line":138,"column":4},"end":{"line":138,"column":12}},"loc":{"start":{"line":138,"column":26},"end":{"line":140,"column":5}}}},"branchMap":{"0":{"loc":{"start":{"line":19,"column":101},"end":{"line":19,"column":134}},"type":"cond-expr","locations":[{"start":{"line":19,"column":101},"end":{"line":19,"column":134}},{"start":{"line":19,"column":137},"end":{"line":19,"column":141}}]},"1":{"loc":{"start":{"line":29,"column":12},"end":{"line":34,"column":null}},"type":"if","locations":[{"start":{"line":29,"column":12},"end":{"line":34,"column":null}},{"start":{"line":29,"column":12},"end":{"line":34,"column":null}}]},"2":{"loc":{"start":{"line":41,"column":12},"end":{"line":46,"column":null}},"type":"if","locations":[{"start":{"line":41,"column":12},"end":{"line":46,"column":null}},{"start":{"line":41,"column":12},"end":{"line":46,"column":null}}]},"3":{"loc":{"start":{"line":56,"column":12},"end":{"line":62,"column":null}},"type":"if","locations":[{"start":{"line":56,"column":12},"end":{"line":62,"column":null}},{"start":{"line":56,"column":12},"end":{"line":62,"column":null}}]},"4":{"loc":{"start":{"line":56,"column":16},"end":{"line":56,"column":31}},"type":"binary-expr","locations":[{"start":{"line":56,"column":16},"end":{"line":56,"column":31}},{"start":{"line":56,"column":35},"end":{"line":56,"column":62}}]},"5":{"loc":{"start":{"line":58,"column":19},"end":{"line":62,"column":null}},"type":"if","locations":[{"start":{"line":58,"column":19},"end":{"line":62,"column":null}},{"start":{"line":58,"column":19},"end":{"line":62,"column":null}}]},"6":{"loc":{"start":{"line":63,"column":12},"end":{"line":65,"column":null}},"type":"if","locations":[{"start":{"line":63,"column":12},"end":{"line":65,"column":null}},{"start":{"line":63,"column":12},"end":{"line":65,"column":null}}]},"7":{"loc":{"start":{"line":73,"column":8},"end":{"line":75,"column":null}},"type":"if","locations":[{"start":{"line":73,"column":8},"end":{"line":75,"column":null}},{"start":{"line":73,"column":8},"end":{"line":75,"column":null}}]},"8":{"loc":{"start":{"line":76,"column":8},"end":{"line":80,"column":null}},"type":"if","locations":[{"start":{"line":76,"column":8},"end":{"line":80,"column":null}},{"start":{"line":76,"column":8},"end":{"line":80,"column":null}}]},"9":{"loc":{"start":{"line":86,"column":12},"end":{"line":90,"column":null}},"type":"if","locations":[{"start":{"line":86,"column":12},"end":{"line":90,"column":null}},{"start":{"line":86,"column":12},"end":{"line":90,"column":null}}]},"10":{"loc":{"start":{"line":86,"column":16},"end":{"line":86,"column":21}},"type":"binary-expr","locations":[{"start":{"line":86,"column":16},"end":{"line":86,"column":21}},{"start":{"line":86,"column":26},"end":{"line":86,"column":46}},{"start":{"line":86,"column":50},"end":{"line":86,"column":83}}]},"11":{"loc":{"start":{"line":96,"column":12},"end":{"line":98,"column":null}},"type":"if","locations":[{"start":{"line":96,"column":12},"end":{"line":98,"column":null}},{"start":{"line":96,"column":12},"end":{"line":98,"column":null}}]},"12":{"loc":{"start":{"line":100,"column":12},"end":{"line":104,"column":null}},"type":"if","locations":[{"start":{"line":100,"column":12},"end":{"line":104,"column":null}},{"start":{"line":100,"column":12},"end":{"line":104,"column":null}}]},"13":{"loc":{"start":{"line":100,"column":16},"end":{"line":100,"column":48}},"type":"binary-expr","locations":[{"start":{"line":100,"column":16},"end":{"line":100,"column":48}},{"start":{"line":100,"column":52},"end":{"line":100,"column":71}}]},"14":{"loc":{"start":{"line":139,"column":27},"end":{"line":139,"column":29}},"type":"cond-expr","locations":[{"start":{"line":139,"column":27},"end":{"line":139,"column":29}},{"start":{"line":139,"column":27},"end":{"line":139,"column":56}}]},"15":{"loc":{"start":{"line":139,"column":8},"end":{"line":139,"column":29}},"type":"binary-expr","locations":[{"start":{"line":139,"column":8},"end":{"line":139,"column":29}},{"start":{"line":139,"column":27},"end":{"line":139,"column":29}}]}},"s":{"0":1,"1":1,"2":28,"3":28,"4":28,"5":28,"6":1,"7":2,"8":1,"9":3,"10":3,"11":3,"12":2,"13":2,"14":1,"15":1,"16":3,"17":3,"18":3,"19":2,"20":2,"21":1,"22":1,"23":5,"24":5,"25":4,"26":4,"27":4,"28":2,"29":2,"30":1,"31":1,"32":4,"33":1,"34":4,"35":4,"36":1,"37":27,"38":19,"39":27,"40":2,"41":25,"42":1,"43":8,"44":8,"45":7,"46":2,"47":5,"48":1,"49":2,"50":2,"51":2,"52":2,"53":2,"54":1,"55":1,"56":1,"57":2,"58":2,"59":1,"60":1,"61":1,"62":2,"63":1,"64":1,"65":1,"66":2,"67":2,"68":1,"69":1,"70":1,"71":1,"72":1,"73":12,"74":1,"75":1},"f":{"0":1,"1":28,"2":2,"3":3,"4":3,"5":3,"6":3,"7":5,"8":4,"9":27,"10":8,"11":7,"12":2,"13":2,"14":2,"15":1,"16":2,"17":1,"18":2,"19":1,"20":1,"21":12},"b":{"0":[20,8],"1":[2,1],"2":[2,1],"3":[2,2],"4":[4,3],"5":[1,1],"6":[1,3],"7":[19,8],"8":[2,25],"9":[2,5],"10":[7,3,3],"11":[2,0],"12":[1,1],"13":[2,1],"14":[7,5],"15":[12,12]}}
,"/home/loksly/vdh/expresshelper/src/spec/e2e/jsonp.spec.ts": {"path":"/home/loksly/vdh/expresshelper/src/spec/e2e/jsonp.spec.ts","statementMap":{"0":{"start":{"line":1,"column":0},"end":{"line":1,"column":36}},"1":{"start":{"line":2,"column":0},"end":{"line":2,"column":38}},"2":{"start":{"line":5,"column":0},"end":{"line":5,"column":55}},"3":{"start":{"line":7,"column":0},"end":{"line":39,"column":3}},"4":{"start":{"line":9,"column":4},"end":{"line":14,"column":7}},"5":{"start":{"line":10,"column":8},"end":{"line":10,"column":32}},"6":{"start":{"line":11,"column":8},"end":{"line":13,"column":12}},"7":{"start":{"line":16,"column":4},"end":{"line":26,"column":7}},"8":{"start":{"line":17,"column":24},"end":{"line":17,"column":58}},"9":{"start":{"line":18,"column":8},"end":{"line":20,"column":11}},"10":{"start":{"line":19,"column":12},"end":{"line":19,"column":51}},"11":{"start":{"line":22,"column":8},"end":{"line":25,"column":25}},"12":{"start":{"line":23,"column":12},"end":{"line":23,"column":46}},"13":{"start":{"line":24,"column":12},"end":{"line":24,"column":19}},"14":{"start":{"line":28,"column":4},"end":{"line":38,"column":7}},"15":{"start":{"line":29,"column":24},"end":{"line":29,"column":58}},"16":{"start":{"line":30,"column":8},"end":{"line":32,"column":11}},"17":{"start":{"line":31,"column":12},"end":{"line":31,"column":51}},"18":{"start":{"line":34,"column":8},"end":{"line":37,"column":25}},"19":{"start":{"line":35,"column":12},"end":{"line":35,"column":98}},"20":{"start":{"line":36,"column":12},"end":{"line":36,"column":19}}},"fnMap":{"0":{"name":"(anonymous_0)","decl":{"start":{"line":7,"column":44},"end":{"line":7,"column":null}},"loc":{"start":{"line":7,"column":44},"end":{"line":39,"column":1}}},"1":{"name":"(anonymous_1)","decl":{"start":{"line":9,"column":15},"end":{"line":9,"column":null}},"loc":{"start":{"line":9,"column":15},"end":{"line":14,"column":5}}},"2":{"name":"(anonymous_2)","decl":{"start":{"line":16,"column":58},"end":{"line":16,"column":99}},"loc":{"start":{"line":16,"column":103},"end":{"line":26,"column":5}}},"3":{"name":"(anonymous_3)","decl":{"start":{"line":18,"column":29},"end":{"line":18,"column":30}},"loc":{"start":{"line":18,"column":64},"end":{"line":20,"column":9}}},"4":{"name":"(anonymous_4)","decl":{"start":{"line":22,"column":45},"end":{"line":22,"column":46}},"loc":{"start":{"line":22,"column":49},"end":{"line":25,"column":9}}},"5":{"name":"(anonymous_5)","decl":{"start":{"line":25,"column":15},"end":{"line":25,"column":22}},"loc":{"start":{"line":25,"column":15},"end":{"line":25,"column":23}}},"6":{"name":"(anonymous_6)","decl":{"start":{"line":28,"column":58},"end":{"line":28,"column":99}},"loc":{"start":{"line":28,"column":103},"end":{"line":38,"column":5}}},"7":{"name":"(anonymous_7)","decl":{"start":{"line":30,"column":29},"end":{"line":30,"column":30}},"loc":{"start":{"line":30,"column":64},"end":{"line":32,"column":9}}},"8":{"name":"(anonymous_8)","decl":{"start":{"line":34,"column":71},"end":{"line":34,"column":72}},"loc":{"start":{"line":34,"column":93},"end":{"line":37,"column":9}}},"9":{"name":"(anonymous_9)","decl":{"start":{"line":37,"column":15},"end":{"line":37,"column":22}},"loc":{"start":{"line":37,"column":15},"end":{"line":37,"column":23}}}},"branchMap":{},"s":{"0":1,"1":1,"2":1,"3":1,"4":1,"5":2,"6":2,"7":1,"8":1,"9":1,"10":1,"11":1,"12":1,"13":1,"14":1,"15":1,"16":1,"17":1,"18":1,"19":1,"20":1},"f":{"0":1,"1":2,"2":1,"3":1,"4":1,"5":1,"6":1,"7":1,"8":1,"9":1},"b":{}}
,"/home/loksly/vdh/expresshelper/src/spec/e2e/logger.spec.ts": {"path":"/home/loksly/vdh/expresshelper/src/spec/e2e/logger.spec.ts","statementMap":{"0":{"start":{"line":1,"column":0},"end":{"line":1,"column":36}},"1":{"start":{"line":2,"column":0},"end":{"line":2,"column":38}},"2":{"start":{"line":5,"column":0},"end":{"line":5,"column":55}},"3":{"start":{"line":7,"column":0},"end":{"line":87,"column":3}},"4":{"start":{"line":8,"column":4},"end":{"line":22,"column":7}},"5":{"start":{"line":9,"column":8},"end":{"line":9,"column":32}},"6":{"start":{"line":10,"column":8},"end":{"line":17,"column":12}},"7":{"start":{"line":12,"column":24},"end":{"line":12,"column":44}},"8":{"start":{"line":13,"column":20},"end":{"line":13,"column":63}},"9":{"start":{"line":14,"column":20},"end":{"line":14,"column":27}},"10":{"start":{"line":18,"column":8},"end":{"line":20,"column":11}},"11":{"start":{"line":19,"column":12},"end":{"line":19,"column":48}},"12":{"start":{"line":21,"column":8},"end":{"line":21,"column":52}},"13":{"start":{"line":24,"column":4},"end":{"line":38,"column":7}},"14":{"start":{"line":25,"column":8},"end":{"line":25,"column":32}},"15":{"start":{"line":26,"column":8},"end":{"line":33,"column":12}},"16":{"start":{"line":28,"column":24},"end":{"line":28,"column":44}},"17":{"start":{"line":29,"column":20},"end":{"line":29,"column":61}},"18":{"start":{"line":30,"column":20},"end":{"line":30,"column":27}},"19":{"start":{"line":34,"column":8},"end":{"line":36,"column":11}},"20":{"start":{"line":35,"column":12},"end":{"line":35,"column":62}},"21":{"start":{"line":37,"column":8},"end":{"line":37,"column":52}},"22":{"start":{"line":40,"column":4},"end":{"line":54,"column":7}},"23":{"start":{"line":41,"column":8},"end":{"line":41,"column":32}},"24":{"start":{"line":42,"column":8},"end":{"line":49,"column":12}},"25":{"start":{"line":44,"column":24},"end":{"line":44,"column":44}},"26":{"start":{"line":45,"column":20},"end":{"line":45,"column":61}},"27":{"start":{"line":46,"column":20},"end":{"line":46,"column":27}},"28":{"start":{"line":50,"column":8},"end":{"line":52,"column":11}},"29":{"start":{"line":51,"column":12},"end":{"line":51,"column":53}},"30":{"start":{"line":53,"column":8},"end":{"line":53,"column":52}},"31":{"start":{"line":56,"column":4},"end":{"line":70,"column":7}},"32":{"start":{"line":57,"column":8},"end":{"line":57,"column":32}},"33":{"start":{"line":58,"column":8},"end":{"line":65,"column":12}},"34":{"start":{"line":60,"column":24},"end":{"line":60,"column":44}},"35":{"start":{"line":61,"column":20},"end":{"line":61,"column":61}},"36":{"start":{"line":62,"column":20},"end":{"line":62,"column":27}},"37":{"start":{"line":66,"column":8},"end":{"line":68,"column":11}},"38":{"start":{"line":67,"column":12},"end":{"line":67,"column":84}},"39":{"start":{"line":69,"column":8},"end":{"line":69,"column":52}},"40":{"start":{"line":72,"column":4},"end":{"line":86,"column":7}},"41":{"start":{"line":73,"column":8},"end":{"line":73,"column":32}},"42":{"start":{"line":74,"column":8},"end":{"line":81,"column":12}},"43":{"start":{"line":76,"column":24},"end":{"line":76,"column":44}},"44":{"start":{"line":77,"column":20},"end":{"line":77,"column":61}},"45":{"start":{"line":78,"column":20},"end":{"line":78,"column":27}},"46":{"start":{"line":82,"column":8},"end":{"line":84,"column":11}},"47":{"start":{"line":83,"column":12},"end":{"line":83,"column":71}},"48":{"start":{"line":85,"column":8},"end":{"line":85,"column":52}}},"fnMap":{"0":{"name":"(anonymous_0)","decl":{"start":{"line":7,"column":51},"end":{"line":7,"column":null}},"loc":{"start":{"line":7,"column":51},"end":{"line":87,"column":1}}},"1":{"name":"(anonymous_1)","decl":{"start":{"line":8,"column":79},"end":{"line":8,"column":120}},"loc":{"start":{"line":8,"column":124},"end":{"line":22,"column":5}}},"2":{"name":"(anonymous_2)","decl":{"start":{"line":12,"column":23},"end":{"line":12,"column":24}},"loc":{"start":{"line":12,"column":23},"end":{"line":15,"column":17}}},"3":{"name":"(anonymous_3)","decl":{"start":{"line":18,"column":29},"end":{"line":18,"column":30}},"loc":{"start":{"line":18,"column":64},"end":{"line":20,"column":9}}},"4":{"name":"(anonymous_4)","decl":{"start":{"line":21,"column":42},"end":{"line":21,"column":49}},"loc":{"start":{"line":21,"column":42},"end":{"line":21,"column":50}}},"5":{"name":"(anonymous_5)","decl":{"start":{"line":24,"column":84},"end":{"line":24,"column":125}},"loc":{"start":{"line":24,"column":129},"end":{"line":38,"column":5}}},"6":{"name":"(anonymous_6)","decl":{"start":{"line":28,"column":23},"end":{"line":28,"column":24}},"loc":{"start":{"line":28,"column":23},"end":{"line":31,"column":17}}},"7":{"name":"(anonymous_7)","decl":{"start":{"line":34,"column":29},"end":{"line":34,"column":30}},"loc":{"start":{"line":34,"column":64},"end":{"line":36,"column":9}}},"8":{"name":"(anonymous_8)","decl":{"start":{"line":37,"column":42},"end":{"line":37,"column":49}},"loc":{"start":{"line":37,"column":42},"end":{"line":37,"column":50}}},"9":{"name":"(anonymous_9)","decl":{"start":{"line":40,"column":73},"end":{"line":40,"column":114}},"loc":{"start":{"line":40,"column":118},"end":{"line":54,"column":5}}},"10":{"name":"(anonymous_10)","decl":{"start":{"line":44,"column":23},"end":{"line":44,"column":24}},"loc":{"start":{"line":44,"column":23},"end":{"line":47,"column":17}}},"11":{"name":"(anonymous_11)","decl":{"start":{"line":50,"column":29},"end":{"line":50,"column":30}},"loc":{"start":{"line":50,"column":64},"end":{"line":52,"column":9}}},"12":{"name":"(anonymous_12)","decl":{"start":{"line":53,"column":42},"end":{"line":53,"column":49}},"loc":{"start":{"line":53,"column":42},"end":{"line":53,"column":50}}},"13":{"name":"(anonymous_13)","decl":{"start":{"line":56,"column":89},"end":{"line":56,"column":130}},"loc":{"start":{"line":56,"column":134},"end":{"line":70,"column":5}}},"14":{"name":"(anonymous_14)","decl":{"start":{"line":60,"column":23},"end":{"line":60,"column":24}},"loc":{"start":{"line":60,"column":23},"end":{"line":63,"column":17}}},"15":{"name":"(anonymous_15)","decl":{"start":{"line":66,"column":29},"end":{"line":66,"column":30}},"loc":{"start":{"line":66,"column":64},"end":{"line":68,"column":9}}},"16":{"name":"(anonymous_16)","decl":{"start":{"line":69,"column":42},"end":{"line":69,"column":49}},"loc":{"start":{"line":69,"column":42},"end":{"line":69,"column":50}}},"17":{"name":"(anonymous_17)","decl":{"start":{"line":72,"column":76},"end":{"line":72,"column":117}},"loc":{"start":{"line":72,"column":121},"end":{"line":86,"column":5}}},"18":{"name":"(anonymous_18)","decl":{"start":{"line":76,"column":23},"end":{"line":76,"column":24}},"loc":{"start":{"line":76,"column":23},"end":{"line":79,"column":17}}},"19":{"name":"(anonymous_19)","decl":{"start":{"line":82,"column":29},"end":{"line":82,"column":30}},"loc":{"start":{"line":82,"column":64},"end":{"line":84,"column":9}}},"20":{"name":"(anonymous_20)","decl":{"start":{"line":85,"column":42},"end":{"line":85,"column":49}},"loc":{"start":{"line":85,"column":42},"end":{"line":85,"column":50}}}},"branchMap":{},"s":{"0":1,"1":1,"2":1,"3":1,"4":1,"5":1,"6":1,"7":3,"8":1,"9":1,"10":1,"11":1,"12":1,"13":1,"14":1,"15":1,"16":3,"17":1,"18":1,"19":1,"20":1,"21":1,"22":1,"23":1,"24":1,"25":3,"26":1,"27":1,"28":1,"29":1,"30":1,"31":1,"32":1,"33":1,"34":3,"35":1,"36":1,"37":1,"38":1,"39":1,"40":1,"41":1,"42":1,"43":3,"44":1,"45":1,"46":1,"47":1,"48":1},"f":{"0":1,"1":1,"2":1,"3":1,"4":1,"5":1,"6":1,"7":1,"8":1,"9":1,"10":1,"11":1,"12":1,"13":1,"14":1,"15":1,"16":1,"17":1,"18":1,"19":1,"20":1},"b":{}}
,"/home/loksly/vdh/expresshelper/src/spec/e2e/not404.spec.ts": {"path":"/home/loksly/vdh/expresshelper/src/spec/e2e/not404.spec.ts","statementMap":{"0":{"start":{"line":1,"column":0},"end":{"line":1,"column":36}},"1":{"start":{"line":2,"column":0},"end":{"line":2,"column":38}},"2":{"start":{"line":5,"column":0},"end":{"line":5,"column":67}},"3":{"start":{"line":8,"column":4},"end":{"line":14,"column":21}},"4":{"start":{"line":9,"column":8},"end":{"line":9,"column":38}},"5":{"start":{"line":10,"column":8},"end":{"line":12,"column":null}},"6":{"start":{"line":11,"column":12},"end":{"line":11,"column":46}},"7":{"start":{"line":13,"column":8},"end":{"line":13,"column":15}},"8":{"start":{"line":17,"column":0},"end":{"line":32,"column":3}},"9":{"start":{"line":18,"column":4},"end":{"line":24,"column":7}},"10":{"start":{"line":19,"column":8},"end":{"line":19,"column":32}},"11":{"start":{"line":20,"column":8},"end":{"line":23,"column":12}},"12":{"start":{"line":26,"column":4},"end":{"line":31,"column":7}},"13":{"start":{"line":27,"column":8},"end":{"line":29,"column":11}},"14":{"start":{"line":28,"column":12},"end":{"line":28,"column":46}},"15":{"start":{"line":30,"column":8},"end":{"line":30,"column":59}},"16":{"start":{"line":34,"column":0},"end":{"line":46,"column":3}},"17":{"start":{"line":35,"column":4},"end":{"line":38,"column":7}},"18":{"start":{"line":36,"column":8},"end":{"line":36,"column":32}},"19":{"start":{"line":37,"column":8},"end":{"line":37,"column":41}},"20":{"start":{"line":40,"column":4},"end":{"line":45,"column":7}},"21":{"start":{"line":41,"column":8},"end":{"line":43,"column":11}},"22":{"start":{"line":42,"column":12},"end":{"line":42,"column":46}},"23":{"start":{"line":44,"column":8},"end":{"line":44,"column":66}}},"fnMap":{"0":{"name":"expectStatus","decl":{"start":{"line":7,"column":9},"end":{"line":7,"column":21}},"loc":{"start":{"line":7,"column":86},"end":{"line":15,"column":1}}},"1":{"name":"(anonymous_1)","decl":{"start":{"line":8,"column":36},"end":{"line":8,"column":37}},"loc":{"start":{"line":8,"column":40},"end":{"line":14,"column":5}}},"2":{"name":"(anonymous_2)","decl":{"start":{"line":14,"column":11},"end":{"line":14,"column":18}},"loc":{"start":{"line":14,"column":11},"end":{"line":14,"column":19}}},"3":{"name":"(anonymous_3)","decl":{"start":{"line":17,"column":36},"end":{"line":17,"column":null}},"loc":{"start":{"line":17,"column":36},"end":{"line":32,"column":1}}},"4":{"name":"(anonymous_4)","decl":{"start":{"line":18,"column":15},"end":{"line":18,"column":null}},"loc":{"start":{"line":18,"column":15},"end":{"line":24,"column":5}}},"5":{"name":"(anonymous_5)","decl":{"start":{"line":26,"column":56},"end":{"line":26,"column":97}},"loc":{"start":{"line":26,"column":101},"end":{"line":31,"column":5}}},"6":{"name":"(anonymous_6)","decl":{"start":{"line":27,"column":29},"end":{"line":27,"column":30}},"loc":{"start":{"line":27,"column":64},"end":{"line":29,"column":9}}},"7":{"name":"(anonymous_7)","decl":{"start":{"line":34,"column":55},"end":{"line":34,"column":null}},"loc":{"start":{"line":34,"column":55},"end":{"line":46,"column":1}}},"8":{"name":"(anonymous_8)","decl":{"start":{"line":35,"column":15},"end":{"line":35,"column":null}},"loc":{"start":{"line":35,"column":15},"end":{"line":38,"column":5}}},"9":{"name":"(anonymous_9)","decl":{"start":{"line":40,"column":52},"end":{"line":40,"column":93}},"loc":{"start":{"line":40,"column":97},"end":{"line":45,"column":5}}},"10":{"name":"(anonymous_10)","decl":{"start":{"line":41,"column":29},"end":{"line":41,"column":30}},"loc":{"start":{"line":41,"column":64},"end":{"line":43,"column":9}}}},"branchMap":{"0":{"loc":{"start":{"line":10,"column":8},"end":{"line":12,"column":null}},"type":"if","locations":[{"start":{"line":10,"column":8},"end":{"line":12,"column":null}},{"start":{"line":10,"column":8},"end":{"line":12,"column":null}}]}},"s":{"0":1,"1":1,"2":1,"3":2,"4":2,"5":2,"6":1,"7":2,"8":1,"9":1,"10":1,"11":1,"12":1,"13":1,"14":1,"15":1,"16":1,"17":1,"18":1,"19":1,"20":1,"21":1,"22":1,"23":1},"f":{"0":2,"1":2,"2":2,"3":1,"4":1,"5":1,"6":1,"7":1,"8":1,"9":1,"10":1},"b":{"0":[1,1]}}
,"/home/loksly/vdh/expresshelper/src/spec/e2e/usage.spec.ts": {"path":"/home/loksly/vdh/expresshelper/src/spec/e2e/usage.spec.ts","statementMap":{"0":{"start":{"line":1,"column":0},"end":{"line":1,"column":36}},"1":{"start":{"line":2,"column":0},"end":{"line":2,"column":38}},"2":{"start":{"line":5,"column":0},"end":{"line":5,"column":67}},"3":{"start":{"line":8,"column":4},"end":{"line":14,"column":21}},"4":{"start":{"line":9,"column":8},"end":{"line":9,"column":38}},"5":{"start":{"line":10,"column":8},"end":{"line":12,"column":null}},"6":{"start":{"line":11,"column":12},"end":{"line":11,"column":46}},"7":{"start":{"line":13,"column":8},"end":{"line":13,"column":15}},"8":{"start":{"line":17,"column":0},"end":{"line":174,"column":3}},"9":{"start":{"line":19,"column":4},"end":{"line":25,"column":7}},"10":{"start":{"line":20,"column":8},"end":{"line":20,"column":32}},"11":{"start":{"line":21,"column":8},"end":{"line":24,"column":12}},"12":{"start":{"line":27,"column":4},"end":{"line":32,"column":7}},"13":{"start":{"line":28,"column":8},"end":{"line":30,"column":11}},"14":{"start":{"line":29,"column":12},"end":{"line":29,"column":48}},"15":{"start":{"line":31,"column":8},"end":{"line":31,"column":128}},"16":{"start":{"line":34,"column":4},"end":{"line":39,"column":7}},"17":{"start":{"line":35,"column":8},"end":{"line":37,"column":11}},"18":{"start":{"line":36,"column":12},"end":{"line":36,"column":54}},"19":{"start":{"line":38,"column":8},"end":{"line":38,"column":104}},"20":{"start":{"line":41,"column":4},"end":{"line":46,"column":7}},"21":{"start":{"line":42,"column":8},"end":{"line":44,"column":11}},"22":{"start":{"line":43,"column":12},"end":{"line":43,"column":99}},"23":{"start":{"line":45,"column":8},"end":{"line":45,"column":159}},"24":{"start":{"line":48,"column":4},"end":{"line":53,"column":7}},"25":{"start":{"line":49,"column":8},"end":{"line":51,"column":11}},"26":{"start":{"line":50,"column":12},"end":{"line":50,"column":93}},"27":{"start":{"line":52,"column":8},"end":{"line":52,"column":153}},"28":{"start":{"line":55,"column":4},"end":{"line":60,"column":7}},"29":{"start":{"line":56,"column":8},"end":{"line":58,"column":11}},"30":{"start":{"line":57,"column":12},"end":{"line":57,"column":96}},"31":{"start":{"line":59,"column":8},"end":{"line":59,"column":153}},"32":{"start":{"line":62,"column":4},"end":{"line":67,"column":7}},"33":{"start":{"line":63,"column":8},"end":{"line":65,"column":11}},"34":{"start":{"line":64,"column":12},"end":{"line":64,"column":60}},"35":{"start":{"line":66,"column":8},"end":{"line":66,"column":119}},"36":{"start":{"line":69,"column":4},"end":{"line":76,"column":7}},"37":{"start":{"line":70,"column":8},"end":{"line":74,"column":11}},"38":{"start":{"line":71,"column":28},"end":{"line":71,"column":47}},"39":{"start":{"line":73,"column":12},"end":{"line":73,"column":61}},"40":{"start":{"line":75,"column":8},"end":{"line":75,"column":59}},"41":{"start":{"line":78,"column":4},"end":{"line":85,"column":7}},"42":{"start":{"line":79,"column":8},"end":{"line":83,"column":11}},"43":{"start":{"line":80,"column":28},"end":{"line":80,"column":56}},"44":{"start":{"line":82,"column":12},"end":{"line":82,"column":61}},"45":{"start":{"line":84,"column":8},"end":{"line":84,"column":135}},"46":{"start":{"line":87,"column":4},"end":{"line":93,"column":7}},"47":{"start":{"line":88,"column":8},"end":{"line":91,"column":11}},"48":{"start":{"line":89,"column":23},"end":{"line":89,"column":72}},"49":{"start":{"line":89,"column":43},"end":{"line":89,"column":70}},"50":{"start":{"line":90,"column":12},"end":{"line":90,"column":72}},"51":{"start":{"line":90,"column":31},"end":{"line":90,"column":65}},"52":{"start":{"line":92,"column":8},"end":{"line":92,"column":85}},"53":{"start":{"line":95,"column":4},"end":{"line":101,"column":7}},"54":{"start":{"line":96,"column":8},"end":{"line":99,"column":11}},"55":{"start":{"line":97,"column":23},"end":{"line":97,"column":50}},"56":{"start":{"line":97,"column":43},"end":{"line":97,"column":48}},"57":{"start":{"line":98,"column":12},"end":{"line":98,"column":72}},"58":{"start":{"line":98,"column":31},"end":{"line":98,"column":65}},"59":{"start":{"line":100,"column":8},"end":{"line":100,"column":66}},"60":{"start":{"line":103,"column":4},"end":{"line":109,"column":7}},"61":{"start":{"line":104,"column":8},"end":{"line":107,"column":11}},"62":{"start":{"line":105,"column":23},"end":{"line":105,"column":72}},"63":{"start":{"line":105,"column":43},"end":{"line":105,"column":70}},"64":{"start":{"line":106,"column":12},"end":{"line":106,"column":120}},"65":{"start":{"line":106,"column":31},"end":{"line":106,"column":113}},"66":{"start":{"line":108,"column":8},"end":{"line":108,"column":76}},"67":{"start":{"line":111,"column":4},"end":{"line":117,"column":7}},"68":{"start":{"line":112,"column":8},"end":{"line":115,"column":11}},"69":{"start":{"line":113,"column":23},"end":{"line":113,"column":72}},"70":{"start":{"line":113,"column":43},"end":{"line":113,"column":70}},"71":{"start":{"line":114,"column":12},"end":{"line":114,"column":118}},"72":{"start":{"line":114,"column":31},"end":{"line":114,"column":111}},"73":{"start":{"line":116,"column":8},"end":{"line":116,"column":72}},"74":{"start":{"line":119,"column":4},"end":{"line":125,"column":7}},"75":{"start":{"line":120,"column":8},"end":{"line":123,"column":11}},"76":{"start":{"line":121,"column":23},"end":{"line":121,"column":78}},"77":{"start":{"line":121,"column":43},"end":{"line":121,"column":76}},"78":{"start":{"line":122,"column":12},"end":{"line":122,"column":72}},"79":{"start":{"line":122,"column":31},"end":{"line":122,"column":65}},"80":{"start":{"line":124,"column":8},"end":{"line":124,"column":85}},"81":{"start":{"line":127,"column":4},"end":{"line":133,"column":7}},"82":{"start":{"line":128,"column":8},"end":{"line":131,"column":11}},"83":{"start":{"line":129,"column":23},"end":{"line":129,"column":67}},"84":{"start":{"line":129,"column":43},"end":{"line":129,"column":65}},"85":{"start":{"line":130,"column":12},"end":{"line":130,"column":72}},"86":{"start":{"line":130,"column":31},"end":{"line":130,"column":65}},"87":{"start":{"line":132,"column":8},"end":{"line":132,"column":89}},"88":{"start":{"line":135,"column":4},"end":{"line":141,"column":7}},"89":{"start":{"line":136,"column":8},"end":{"line":139,"column":11}},"90":{"start":{"line":137,"column":23},"end":{"line":137,"column":71}},"91":{"start":{"line":137,"column":43},"end":{"line":137,"column":69}},"92":{"start":{"line":138,"column":12},"end":{"line":138,"column":102}},"93":{"start":{"line":138,"column":31},"end":{"line":138,"column":95}},"94":{"start":{"line":140,"column":8},"end":{"line":140,"column":71}},"95":{"start":{"line":143,"column":4},"end":{"line":149,"column":7}},"96":{"start":{"line":144,"column":8},"end":{"line":147,"column":11}},"97":{"start":{"line":145,"column":23},"end":{"line":145,"column":74}},"98":{"start":{"line":145,"column":43},"end":{"line":145,"column":72}},"99":{"start":{"line":146,"column":12},"end":{"line":146,"column":102}},"100":{"start":{"line":146,"column":31},"end":{"line":146,"column":95}},"101":{"start":{"line":148,"column":8},"end":{"line":148,"column":75}},"102":{"start":{"line":151,"column":4},"end":{"line":157,"column":7}},"103":{"start":{"line":152,"column":8},"end":{"line":155,"column":11}},"104":{"start":{"line":153,"column":23},"end":{"line":153,"column":30}},"105":{"start":{"line":153,"column":29},"end":{"line":153,"column":52}},"106":{"start":{"line":154,"column":12},"end":{"line":154,"column":57}},"107":{"start":{"line":156,"column":8},"end":{"line":156,"column":135}},"108":{"start":{"line":159,"column":4},"end":{"line":165,"column":7}},"109":{"start":{"line":160,"column":20},"end":{"line":160,"column":40}},"110":{"start":{"line":161,"column":8},"end":{"line":163,"column":11}},"111":{"start":{"line":162,"column":12},"end":{"line":162,"column":87}},"112":{"start":{"line":164,"column":8},"end":{"line":164,"column":106}},"113":{"start":{"line":167,"column":4},"end":{"line":173,"column":7}},"114":{"start":{"line":168,"column":20},"end":{"line":168,"column":40}},"115":{"start":{"line":169,"column":8},"end":{"line":171,"column":11}},"116":{"start":{"line":170,"column":12},"end":{"line":170,"column":60}},"117":{"start":{"line":172,"column":8},"end":{"line":172,"column":105}}},"fnMap":{"0":{"name":"expectStatus","decl":{"start":{"line":7,"column":9},"end":{"line":7,"column":21}},"loc":{"start":{"line":7,"column":86},"end":{"line":15,"column":1}}},"1":{"name":"(anonymous_1)","decl":{"start":{"line":8,"column":36},"end":{"line":8,"column":37}},"loc":{"start":{"line":8,"column":40},"end":{"line":14,"column":5}}},"2":{"name":"(anonymous_2)","decl":{"start":{"line":14,"column":11},"end":{"line":14,"column":18}},"loc":{"start":{"line":14,"column":11},"end":{"line":14,"column":19}}},"3":{"name":"(anonymous_3)","decl":{"start":{"line":17,"column":36},"end":{"line":17,"column":null}},"loc":{"start":{"line":17,"column":36},"end":{"line":174,"column":1}}},"4":{"name":"(anonymous_4)","decl":{"start":{"line":19,"column":15},"end":{"line":19,"column":null}},"loc":{"start":{"line":19,"column":15},"end":{"line":25,"column":5}}},"5":{"name":"(anonymous_5)","decl":{"start":{"line":27,"column":52},"end":{"line":27,"column":93}},"loc":{"start":{"line":27,"column":97},"end":{"line":32,"column":5}}},"6":{"name":"(anonymous_6)","decl":{"start":{"line":28,"column":29},"end":{"line":28,"column":30}},"loc":{"start":{"line":28,"column":64},"end":{"line":30,"column":9}}},"7":{"name":"(anonymous_7)","decl":{"start":{"line":34,"column":58},"end":{"line":34,"column":99}},"loc":{"start":{"line":34,"column":103},"end":{"line":39,"column":5}}},"8":{"name":"(anonymous_8)","decl":{"start":{"line":35,"column":29},"end":{"line":35,"column":30}},"loc":{"start":{"line":35,"column":64},"end":{"line":37,"column":9}}},"9":{"name":"(anonymous_9)","decl":{"start":{"line":41,"column":64},"end":{"line":41,"column":105}},"loc":{"start":{"line":41,"column":109},"end":{"line":46,"column":5}}},"10":{"name":"(anonymous_10)","decl":{"start":{"line":42,"column":29},"end":{"line":42,"column":30}},"loc":{"start":{"line":42,"column":64},"end":{"line":44,"column":9}}},"11":{"name":"(anonymous_11)","decl":{"start":{"line":48,"column":58},"end":{"line":48,"column":99}},"loc":{"start":{"line":48,"column":103},"end":{"line":53,"column":5}}},"12":{"name":"(anonymous_12)","decl":{"start":{"line":49,"column":29},"end":{"line":49,"column":30}},"loc":{"start":{"line":49,"column":64},"end":{"line":51,"column":9}}},"13":{"name":"(anonymous_13)","decl":{"start":{"line":55,"column":61},"end":{"line":55,"column":102}},"loc":{"start":{"line":55,"column":106},"end":{"line":60,"column":5}}},"14":{"name":"(anonymous_14)","decl":{"start":{"line":56,"column":29},"end":{"line":56,"column":30}},"loc":{"start":{"line":56,"column":64},"end":{"line":58,"column":9}}},"15":{"name":"(anonymous_15)","decl":{"start":{"line":62,"column":60},"end":{"line":62,"column":101}},"loc":{"start":{"line":62,"column":105},"end":{"line":67,"column":5}}},"16":{"name":"(anonymous_16)","decl":{"start":{"line":63,"column":29},"end":{"line":63,"column":30}},"loc":{"start":{"line":63,"column":64},"end":{"line":65,"column":9}}},"17":{"name":"(anonymous_17)","decl":{"start":{"line":69,"column":53},"end":{"line":69,"column":94}},"loc":{"start":{"line":69,"column":98},"end":{"line":76,"column":5}}},"18":{"name":"(anonymous_18)","decl":{"start":{"line":70,"column":29},"end":{"line":70,"column":30}},"loc":{"start":{"line":70,"column":64},"end":{"line":74,"column":9}}},"19":{"name":"(anonymous_19)","decl":{"start":{"line":78,"column":53},"end":{"line":78,"column":94}},"loc":{"start":{"line":78,"column":98},"end":{"line":85,"column":5}}},"20":{"name":"(anonymous_20)","decl":{"start":{"line":79,"column":29},"end":{"line":79,"column":30}},"loc":{"start":{"line":79,"column":64},"end":{"line":83,"column":9}}},"21":{"name":"(anonymous_21)","decl":{"start":{"line":87,"column":66},"end":{"line":87,"column":107}},"loc":{"start":{"line":87,"column":111},"end":{"line":93,"column":5}}},"22":{"name":"(anonymous_22)","decl":{"start":{"line":88,"column":29},"end":{"line":88,"column":30}},"loc":{"start":{"line":88,"column":64},"end":{"line":91,"column":9}}},"23":{"name":"(anonymous_23)","decl":{"start":{"line":89,"column":23},"end":{"line":89,"column":24}},"loc":{"start":{"line":89,"column":36},"end":{"line":89,"column":72}}},"24":{"name":"(anonymous_24)","decl":{"start":{"line":90,"column":23},"end":{"line":90,"column":31}},"loc":{"start":{"line":90,"column":23},"end":{"line":90,"column":67}}},"25":{"name":"(anonymous_25)","decl":{"start":{"line":95,"column":98},"end":{"line":95,"column":139}},"loc":{"start":{"line":95,"column":143},"end":{"line":101,"column":5}}},"26":{"name":"(anonymous_26)","decl":{"start":{"line":96,"column":29},"end":{"line":96,"column":30}},"loc":{"start":{"line":96,"column":64},"end":{"line":99,"column":9}}},"27":{"name":"(anonymous_27)","decl":{"start":{"line":97,"column":23},"end":{"line":97,"column":24}},"loc":{"start":{"line":97,"column":36},"end":{"line":97,"column":50}}},"28":{"name":"(anonymous_28)","decl":{"start":{"line":98,"column":23},"end":{"line":98,"column":31}},"loc":{"start":{"line":98,"column":23},"end":{"line":98,"column":67}}},"29":{"name":"(anonymous_29)","decl":{"start":{"line":103,"column":69},"end":{"line":103,"column":110}},"loc":{"start":{"line":103,"column":114},"end":{"line":109,"column":5}}},"30":{"name":"(anonymous_30)","decl":{"start":{"line":104,"column":29},"end":{"line":104,"column":30}},"loc":{"start":{"line":104,"column":64},"end":{"line":107,"column":9}}},"31":{"name":"(anonymous_31)","decl":{"start":{"line":105,"column":23},"end":{"line":105,"column":24}},"loc":{"start":{"line":105,"column":36},"end":{"line":105,"column":72}}},"32":{"name":"(anonymous_32)","decl":{"start":{"line":106,"column":23},"end":{"line":106,"column":31}},"loc":{"start":{"line":106,"column":23},"end":{"line":106,"column":115}}},"33":{"name":"(anonymous_33)","decl":{"start":{"line":111,"column":72},"end":{"line":111,"column":113}},"loc":{"start":{"line":111,"column":117},"end":{"line":117,"column":5}}},"34":{"name":"(anonymous_34)","decl":{"start":{"line":112,"column":29},"end":{"line":112,"column":30}},"loc":{"start":{"line":112,"column":64},"end":{"line":115,"column":9}}},"35":{"name":"(anonymous_35)","decl":{"start":{"line":113,"column":23},"end":{"line":113,"column":24}},"loc":{"start":{"line":113,"column":36},"end":{"line":113,"column":72}}},"36":{"name":"(anonymous_36)","decl":{"start":{"line":114,"column":23},"end":{"line":114,"column":31}},"loc":{"start":{"line":114,"column":23},"end":{"line":114,"column":113}}},"37":{"name":"(anonymous_37)","decl":{"start":{"line":119,"column":75},"end":{"line":119,"column":116}},"loc":{"start":{"line":119,"column":120},"end":{"line":125,"column":5}}},"38":{"name":"(anonymous_38)","decl":{"start":{"line":120,"column":29},"end":{"line":120,"column":30}},"loc":{"start":{"line":120,"column":64},"end":{"line":123,"column":9}}},"39":{"name":"(anonymous_39)","decl":{"start":{"line":121,"column":23},"end":{"line":121,"column":24}},"loc":{"start":{"line":121,"column":36},"end":{"line":121,"column":78}}},"40":{"name":"(anonymous_40)","decl":{"start":{"line":122,"column":23},"end":{"line":122,"column":31}},"loc":{"start":{"line":122,"column":23},"end":{"line":122,"column":67}}},"41":{"name":"(anonymous_41)","decl":{"start":{"line":127,"column":75},"end":{"line":127,"column":116}},"loc":{"start":{"line":127,"column":120},"end":{"line":133,"column":5}}},"42":{"name":"(anonymous_42)","decl":{"start":{"line":128,"column":29},"end":{"line":128,"column":30}},"loc":{"start":{"line":128,"column":64},"end":{"line":131,"column":9}}},"43":{"name":"(anonymous_43)","decl":{"start":{"line":129,"column":23},"end":{"line":129,"column":24}},"loc":{"start":{"line":129,"column":36},"end":{"line":129,"column":67}}},"44":{"name":"(anonymous_44)","decl":{"start":{"line":130,"column":23},"end":{"line":130,"column":31}},"loc":{"start":{"line":130,"column":23},"end":{"line":130,"column":67}}},"45":{"name":"(anonymous_45)","decl":{"start":{"line":135,"column":115},"end":{"line":135,"column":156}},"loc":{"start":{"line":135,"column":160},"end":{"line":141,"column":5}}},"46":{"name":"(anonymous_46)","decl":{"start":{"line":136,"column":29},"end":{"line":136,"column":30}},"loc":{"start":{"line":136,"column":64},"end":{"line":139,"column":9}}},"47":{"name":"(anonymous_47)","decl":{"start":{"line":137,"column":23},"end":{"line":137,"column":24}},"loc":{"start":{"line":137,"column":36},"end":{"line":137,"column":71}}},"48":{"name":"(anonymous_48)","decl":{"start":{"line":138,"column":23},"end":{"line":138,"column":31}},"loc":{"start":{"line":138,"column":23},"end":{"line":138,"column":97}}},"49":{"name":"(anonymous_49)","decl":{"start":{"line":143,"column":121},"end":{"line":143,"column":162}},"loc":{"start":{"line":143,"column":166},"end":{"line":149,"column":5}}},"50":{"name":"(anonymous_50)","decl":{"start":{"line":144,"column":29},"end":{"line":144,"column":30}},"loc":{"start":{"line":144,"column":64},"end":{"line":147,"column":9}}},"51":{"name":"(anonymous_51)","decl":{"start":{"line":145,"column":23},"end":{"line":145,"column":24}},"loc":{"start":{"line":145,"column":36},"end":{"line":145,"column":74}}},"52":{"name":"(anonymous_52)","decl":{"start":{"line":146,"column":23},"end":{"line":146,"column":31}},"loc":{"start":{"line":146,"column":23},"end":{"line":146,"column":97}}},"53":{"name":"(anonymous_53)","decl":{"start":{"line":151,"column":69},"end":{"line":151,"column":110}},"loc":{"start":{"line":151,"column":114},"end":{"line":157,"column":5}}},"54":{"name":"(anonymous_54)","decl":{"start":{"line":152,"column":29},"end":{"line":152,"column":30}},"loc":{"start":{"line":152,"column":64},"end":{"line":155,"column":9}}},"55":{"name":"(anonymous_55)","decl":{"start":{"line":153,"column":23},"end":{"line":153,"column":29}},"loc":{"start":{"line":153,"column":23},"end":{"line":153,"column":30}}},"56":{"name":"(anonymous_56)","decl":{"start":{"line":159,"column":60},"end":{"line":159,"column":101}},"loc":{"start":{"line":159,"column":105},"end":{"line":165,"column":5}}},"57":{"name":"(anonymous_57)","decl":{"start":{"line":161,"column":29},"end":{"line":161,"column":30}},"loc":{"start":{"line":161,"column":64},"end":{"line":163,"column":9}}},"58":{"name":"(anonymous_58)","decl":{"start":{"line":167,"column":60},"end":{"line":167,"column":101}},"loc":{"start":{"line":167,"column":105},"end":{"line":173,"column":5}}},"59":{"name":"(anonymous_59)","decl":{"start":{"line":169,"column":29},"end":{"line":169,"column":30}},"loc":{"start":{"line":169,"column":64},"end":{"line":171,"column":9}}}},"branchMap":{"0":{"loc":{"start":{"line":10,"column":8},"end":{"line":12,"column":null}},"type":"if","locations":[{"start":{"line":10,"column":8},"end":{"line":12,"column":null}},{"start":{"line":10,"column":8},"end":{"line":12,"column":null}}]}},"s":{"0":1,"1":1,"2":1,"3":19,"4":19,"5":19,"6":17,"7":19,"8":1,"9":1,"10":19,"11":19,"12":1,"13":1,"14":1,"15":1,"16":1,"17":1,"18":1,"19":1,"20":1,"21":1,"22":1,"23":1,"24":1,"25":1,"26":1,"27":1,"28":1,"29":1,"30":1,"31":1,"32":1,"33":1,"34":1,"35":1,"36":1,"37":1,"38":1,"39":1,"40":1,"41":1,"42":1,"43":1,"44":1,"45":1,"46":1,"47":1,"48":1,"49":1,"50":1,"51":1,"52":1,"53":1,"54":1,"55":1,"56":1,"57":1,"58":1,"59":1,"60":1,"61":1,"62":1,"63":1,"64":1,"65":1,"66":1,"67":1,"68":1,"69":1,"70":1,"71":1,"72":1,"73":1,"74":1,"75":1,"76":1,"77":1,"78":1,"79":1,"80":1,"81":1,"82":1,"83":1,"84":1,"85":1,"86":1,"87":1,"88":1,"89":1,"90":1,"91":1,"92":1,"93":1,"94":1,"95":1,"96":1,"97":1,"98":1,"99":1,"100":1,"101":1,"102":1,"103":1,"104":1,"105":1,"106":1,"107":1,"108":1,"109":1,"110":1,"111":1,"112":1,"113":1,"114":1,"115":1,"116":1,"117":1},"f":{"0":19,"1":19,"2":19,"3":1,"4":19,"5":1,"6":1,"7":1,"8":1,"9":1,"10":1,"11":1,"12":1,"13":1,"14":1,"15":1,"16":1,"17":1,"18":1,"19":1,"20":1,"21":1,"22":1,"23":1,"24":1,"25":1,"26":1,"27":1,"28":1,"29":1,"30":1,"31":1,"32":1,"33":1,"34":1,"35":1,"36":1,"37":1,"38":1,"39":1,"40":1,"41":1,"42":1,"43":1,"44":1,"45":1,"46":1,"47":1,"48":1,"49":1,"50":1,"51":1,"52":1,"53":1,"54":1,"55":1,"56":1,"57":1,"58":1,"59":1},"b":{"0":[17,2]}}
}
