TN:
SF:src/index.ts
FN:13,expresshelper
FN:14,(anonymous_5)
FNF:2
FNH:2
FNDA:28,expresshelper
FNDA:28,(anonymous_5)
DA:2,1
DA:4,1
DA:5,1
DA:13,1
DA:14,28
DA:15,28
DA:17,28
LF:7
LH:7
BRDA:15,0,0,27
BRDA:15,0,1,1
BRF:2
BRH:2
end_of_record
TN:
SF:src/lib/codes.ts
FN:1,(anonymous_0)
FNF:1
FNH:1
FNDA:1,(anonymous_0)
DA:1,1
DA:2,1
DA:3,1
DA:4,1
DA:5,1
DA:6,1
DA:7,1
DA:8,1
DA:9,1
DA:10,1
DA:11,1
DA:12,1
DA:13,1
DA:14,1
DA:15,1
DA:16,1
DA:17,1
DA:18,1
DA:19,1
DA:20,1
DA:21,1
DA:22,1
DA:23,1
DA:24,1
DA:25,1
DA:26,1
DA:27,1
DA:28,1
DA:29,1
DA:30,1
DA:31,1
DA:32,1
DA:33,1
DA:34,1
DA:35,1
DA:36,1
DA:37,1
DA:38,1
DA:39,1
DA:40,1
DA:41,1
DA:42,1
DA:43,1
DA:44,1
DA:45,1
DA:46,1
DA:47,1
DA:48,1
DA:49,1
DA:50,1
DA:51,1
DA:52,1
DA:53,1
DA:54,1
DA:55,1
LF:55
LH:55
BRDA:1,0,0,1
BRDA:1,0,1,1
BRF:2
BRH:2
end_of_record
TN:
SF:src/lib/helper.ts
FN:16,(anonymous_0)
FN:22,(anonymous_1)
FN:26,(anonymous_2)
FN:28,(anonymous_3)
FN:38,(anonymous_4)
FN:40,(anonymous_5)
FN:50,(anonymous_6)
FN:52,(anonymous_7)
FN:72,(anonymous_8)
FN:83,(anonymous_9)
FN:85,(anonymous_10)
FN:94,(anonymous_11)
FN:95,(anonymous_12)
FN:108,(anonymous_13)
FN:113,(anonymous_14)
FN:117,(anonymous_15)
FN:121,(anonymous_16)
FN:125,(anonymous_17)
FN:130,(anonymous_18)
FN:134,(anonymous_19)
FN:138,(anonymous_20)
FNF:21
FNH:21
FNDA:28,(anonymous_0)
FNDA:2,(anonymous_1)
FNDA:3,(anonymous_2)
FNDA:3,(anonymous_3)
FNDA:3,(anonymous_4)
FNDA:3,(anonymous_5)
FNDA:5,(anonymous_6)
FNDA:4,(anonymous_7)
FNDA:27,(anonymous_8)
FNDA:8,(anonymous_9)
FNDA:7,(anonymous_10)
FNDA:2,(anonymous_11)
FNDA:2,(anonymous_12)
FNDA:2,(anonymous_13)
FNDA:1,(anonymous_14)
FNDA:2,(anonymous_15)
FNDA:1,(anonymous_16)
FNDA:2,(anonymous_17)
FNDA:1,(anonymous_18)
FNDA:1,(anonymous_19)
FNDA:12,(anonymous_20)
DA:2,1
DA:14,1
DA:16,28
DA:17,28
DA:18,28
DA:19,28
DA:23,2
DA:28,3
DA:29,3
DA:30,2
DA:31,2
DA:33,1
DA:40,3
DA:41,3
DA:42,2
DA:43,2
DA:45,1
DA:52,5
DA:53,4
DA:54,4
DA:56,4
DA:57,2
DA:58,2
DA:59,1
DA:61,1
DA:63,4
DA:64,1
DA:67,4
DA:68,4
DA:73,27
DA:74,19
DA:76,27
DA:77,2
DA:79,25
DA:85,8
DA:86,7
DA:87,2
DA:89,5
DA:95,2
DA:96,2
DA:97,2
DA:100,2
DA:101,1
DA:103,1
DA:109,2
DA:110,2
DA:114,1
DA:118,2
DA:122,1
DA:126,2
DA:127,2
DA:131,1
DA:135,1
DA:139,12
LF:54
LH:54
BRDA:19,0,0,20
BRDA:19,0,1,8
BRDA:29,1,0,2
BRDA:29,1,1,1
BRDA:41,2,0,2
BRDA:41,2,1,1
BRDA:56,3,0,2
BRDA:56,3,1,2
BRDA:56,4,0,4
BRDA:56,4,1,3
BRDA:58,5,0,1
BRDA:58,5,1,1
BRDA:63,6,0,1
BRDA:73,7,0,19
BRDA:76,8,0,2
BRDA:76,8,1,25
BRDA:86,9,0,2
BRDA:86,9,1,5
BRDA:86,10,0,7
BRDA:86,10,1,3
BRDA:86,10,2,3
BRDA:96,11,0,2
BRDA:100,12,0,1
BRDA:100,12,1,1
BRDA:100,13,0,2
BRDA:100,13,1,1
BRF:26
BRH:26
end_of_record
